19
25
25
25
24
14
14
14
14
14
14
14
14
14
14
14
14
14
14
14
14
14
14
14
14
14
14
14
14
14
14
14
14
14
14
14
14
13
13
13
13
13
13
13
13
13
13
13
11
7
3
-2
-6
-11
-15
-19
-24
-24
-24
-24
-24
-24
-24
-24
-24
-24
-26
-30
-34
-39
-43
-43
-43
-43
-43
-43
-43
-43
-43
-43
-43
-43
-45
-49
-54
-58
-58
-58
-58
-56
-52
-47
-43
-43
-43
-43
-43
-43
-43
-43
-38
-39
-43
-42
-40
-39
-43
-42
-43
-42
-43
-42
-43
-42
-42
-42
-38
-34
-31
-26
-21
-16
-14
-10
-5
-1
4
10
15
13
16
23
18
9
3
6
-127
-127
-122
-114
-105
-104
-104
-99
-95
-90
-84
-82
-78
-73
-69
-65
-58
-54
-49
-46
-42
-37
-32
-28
-25
-20
-16
-15
-15
-15
-15
-15
-15
-15
-15
-15
-14
-15
-15
-15
-15
-15
-15
-15
-15
-15
-15
-15
-15
-15
-16
-15
-16
-16
-16
-16
-16
-15
-16
-16
-16
-15
-20
-18
-16
-20
-25
-27
-27
-27
-27
-27
-27
-27
-27
-27
-27
-27
-27
-27
-27
-27
-27
-27
-27
-27
-27
-27
-27
-27
-27
-27
-27
-27
-27
-27
-27
-27
-27
-27
-27
-27
-27
-27
-27
-27
-27
-25
-21
-16
-15
-14
-10
-5
-4
-4
-4
-4
1
5
7
7
8
12
17
17
17
17
17
17
17
17
17
17
17
17
17
17
17
17
17
19
23
27
28
33
37
42
46
42
37
37
41
46
42
38
37
42
46
46
45
41
45
43
38
34
34
34
35
40
44
45
45
45
42
46
43
45
43
45
46
42
46
43
46
41
39
43
45
41
37
35
35
35
35
36
41
45
46
45
44
42
46
43
39
36
41
45
45
45
45
45
46
47
44
46
43
46
43
47
44
47
43
39
36
41
45
46
45
46
43
47
47
42
47
45
46
46
46
45
46
45
46
45
46
45
46
46
45
46
46
45
46
46
46
47
46
46
46
46
46
46
46
46
46
46
46
46
46
47
47
46
47
47
47
47
48
47
47
42
38
34
30
25
21
17
12
8
3
-1
0
-3
-6
-11
-14
-18
-20
-25
-23
-14
-6
-4
-4
-4
-4
-6
-11
-15
-13
-8
-7
-11
-15
-15
-15
-15
-12
-11
-15
-14
-14
-12
-15
-12
-16
-14
-15
-14
-14
-12
-16
-12
-15
-13
-15
-13
-15
-15
-12
-9
-13
-14
-13
-14
-12
-15
-10
-14
-16
-11
-8
-12
-15
-13
-15
-14
-15
-14
-13
-14
-15
-13
-14
-15
-14
-13
-14
-15
-13
-14
-12
-15
-13
-15
-14
-15
-14
-14
-12
-14
-14
-14
-14
-14
-15
-14
-15
-14
-15
-15
-15
-15
-15
-15
-15
-15
-15
-15
-16
-15
-16
-15
-15
-16
-11
-7
-6
-5
-6
-5
-9
-13
-16
-16
-16
-16
-16
-16
-16
-16
-16
-16
-16
-16
-16
-16
-16
-16
-16
-16
-16
-16
-16
-16
-16
-16
-16
-16
-16
-16
-16
-16
-16
-16
-16
-16
-16
-16
-16
-16
-16
-16
-16
-16
-16
-16
-16
-16
-15
-11
-6
-2
0
0
0
0
0
0
0
0
0
0
0
0
4
9
13
18
22
27
31
35
37
37
37
37
42
46
48
48
48
48
48
48
48
48
48
48
48
48
48
48
48
48
48
48
48
48
48
49
49
49
49
49
49
48
44
39
39
39
39
39
39
43
48
49
45
40
39
39
39
39
39
39
39
43
48
49
49
49
49
49
49
49
49
49
49
49
49
49
49
49
49
50
48
50
45
41
40
40
45
49
51
51
48
50
46
42
47
51
48
51
48
51
48
50
46
51
48
50
46
51
48
50
50
47
51
48
50
47
51
50
47
51
48
51
49
50
49
50
49
50
49
50
49
50
49
50
49
50
49
50
44
41
36
32
30
31
30
31
30
31
30
30
30
30
30
30
32
32
30
26
22
18
13
9
5
4
4
4
4
4
3
-1
-5
-10
-14
-18
-22
-22
-22
-23
-21
-21
-18
-9
-10
-16
-20
-17
-12
-6
-3
-2
-2
-3
-7
-12
-8
-7
-11
-9
-11
-9
-10
-7
-11
-9
-11
-9
-10
-7
-11
-9
-10
-10
-10
-11
-9
-11
-9
-10
-9
-10
-9
-10
-9
-10
-6
-10
-11
-9
-11
-9
-10
-9
-10
-9
-10
-11
-11
-7
-11
-11
-10
-9
-10
-9
-10
-9
-10
-9
-10
-9
-10
-9
-11
-8
-11
-10
-9
-10
-10
-10
-10
-11
-11
-11
-11
-11
-11
-11
-11
-11
-11
-11
-11
-13
-11
-14
-12
-12
-12
-12
-14
-16
-11
-15
-19
-23
-23
-23
-23
-23
-23
-23
-23
-23
-23
-23
-23
-23
-23
-23
-23
-23
-23
-23
-23
-23
-23
-23
-23
-23
-23
-23
-23
-23
-23
-22
-22
-22
-22
-22
-22
-22
-22
-22
-22
-22
-22
-22
-22
-22
-22
-22
-22
-22
-22
-22
-22
-22
-22
-22
-22
-22
-22
-22
-22
-22
-22
-22
-22
-22
-22
-22
-17
-13
-8
-4
0
5
9
14
18
23
24
24
24
24
24
24
24
24
24
24
24
24
24
24
24
24
24
24
24
24
24
24
24
24
24
24
24
25
29
34
38
42
47
51
53
50
54
51
46
43
43
43
43
43
47
51
53
53
52
48
43
43
43
43
43
43
43
43
43
43
43
43
44
48
52
53
52
53
48
44
42
43
42
43
37
28
31
32
31
32
31
33
31
33
31
32
28
23
26
31
33
28
31
32
28
33
31
22
14
16
21
22
21
22
18
22
16
13
7
4
-1
-4
-10
-14
-18
-13
-17
-14
-15
-15
-15
-15
-15
-15
-16
-15
-16
-15
-14
-16
-14
-14
-18
-22
-17
-25
-18
-22
-18
-20
-21
-20
-20
-13
-12
-9
-12
-10
-9
-10
-10
-10
-10
-11
-15
-18
-21
-21
-20
-18
-12
-9
-9
-9
-9
-13
-17
-19
-17
-18
-17
-19
-17
-18
-16
-17
-15
-18
-18
-14
-19
-14
-16
-8
-8
-4
-8
-4
-7
-6
-7
-6
-7
-6
-7
-6
-7
-6
-7
-6
-7
-8
-4
-8
-4
-8
-4
-8
-4
-8
-7
-3
-7
-5
-7
-5
-7
-5
-7
-5
-7
-5
-7
-5
-6
-7
-7
-4
-8
-4
-7
-5
-7
-7
-7
-6
-6
-7
-8
-8
-7
-7
-8
-7
-7
-7
-7
-8
-8
-8
-8
-8
-8
-8
-8
-8
-8
-8
-9
-10
-8
-12
-17
-19
-19
-19
-19
-19
-19
-19
-19
-19
-19
-19
-19
-19
-19
-19
-19
-19
-19
-19
-19
-19
-19
-19
-19
-19
-19
-19
-19
-19
-19
-19
-19
-19
-19
-19
-19
-19
-19
-19
-19
-19
-19
-19
-19
-19
-19
-19
-19
-19
-19
-18
-18
-18
-18
-18
-18
-18
-18
-18
-18
-18
-18
-18
-18
-18
-18
-18
-18
-18
-18
-18
-18
-18
-18
-18
-18
-18
-18
-18
-18
-18
-18
-18
-18
-18
-18
-18
-18
-18
-18
-18
-18
-18
-18
-18
-18
-18
-18
-18
-18
-18
-18
-18
-18
-13
-9
-4
0
5
9
13
18
22
27
31
33
33
33
33
33
33
33
33
33
33
33
33
33
33
33
33
33
37
42
44
44
44
44
44
44
44
44
44
44
44
44
44
48
53
57
58
53
49
47
48
46
42
47
47
43
48
47
48
46
42
38
39
44
48
46
42
38
37
37
37
37
37
40
45
48
48
47
48
47
48
47
48
42
39
34
30
25
21
16
20
19
20
19
20
20
21
17
21
17
21
20
19
20
21
21
17
21
18
21
20
20
19
15
11
6
2
-2
-7
-11
-16
-16
-16
-16
-15
-17
-13
-9
-12
-18
-14
-19
-14
-15
-15
-10
-6
-6
-12
-15
-16
-11
-7
-5
-7
-11
-16
-12
-15
-12
-16
-11
-15
-12
-14
-14
-10
-15
-12
-14
-10
-14
-12
-14
-13
-12
-13
-12
-12
-13
-13
-13
-8
-11
-11
-8
-2
-2
-1
-2
-1
-2
0
3
8
9
10
9
10
9
10
9
10
9
10
9
10
9
10
9
10
9
8
12
8
9
9
8
9
8
10
9
8
8
8
8
8
8
8
8
8
7
8
8
7
8
8
8
7
7
8
7
6
5
7
3
4
8
4
-1
-4
-4
-4
-4
-4
-4
-4
-4
-4
-4
-4
-4
-4
-4
-4
-4
-4
-4
-4
-4
-4
-4
-4
-4
-4
-4
-4
-4
-4
-3
-3
-3
-3
-3
-3
-3
-3
-3
-3
-3
-3
-3
-3
-3
-3
-3
-3
-3
-3
-3
-3
-3
-3
-3
-3
-3
-3
-3
-3
-3
-3
-3
-3
-3
-3
-3
-3
-3
-3
-3
-3
-3
-3
-3
-3
-3
-3
-3
-3
-3
-3
-3
-3
-3
-3
-3
-3
-2
2
6
8
8
8
8
8
8
8
8
8
8
8
8
8
8
8
8
8
8
8
8
8
8
9
13
17
22
26
31
35
39
44
48
53
54
54
54
54
54
54
57
61
63
58
54
52
52
52
52
52
52
52
52
53
53
54
59
63
63
63
63
63
61
63
61
63
59
63
61
63
58
50
44
42
42
42
43
47
52
53
53
53
53
53
53
51
51
53
49
44
42
42
42
42
42
42
43
47
52
53
49
49
43
40
34
31
22
22
16
16
14
15
10
4
6
-3
-3
-7
-11
-7
-8
-16
-7
-4
-1
-1
-1
1
-3
-2
-10
-12
-8
-13
-9
-12
-9
-12
-9
-12
-9
-12
-10
-7
-6
-13
-8
-12
-16
-7
-1
0
-1
-4
-8
-15
-6
-7
-11
-13
-7
-8
-11
-7
-10
-6
-12
-10
-10
-9
-9
-8
-10
-9
-8
-8
-8
-8
-8
-9
-8
-9
-9
-8
-8
-8
-9
-6
-9
-9
-6
-9
-5
-9
-6
-8
-5
-8
-5
-9
-8
-7
-6
-4
0
5
3
5
3
4
5
4
4
4
4
5
3
3
3
3
3
2
3
2
3
2
2
2
2
2
2
2
2
2
2
2
3
3
2
-1
0
2
-1
-6
-9
-9
-9
-9
-9
-9
-9
-9
-9
-9
-9
-9
-9
-9
-9
-9
-9
-9
-9
-9
-9
-9
-9
-9
-9
-9
-9
-9
-9
-9
-9
-9
-9
-8
-8
-8
-8
-8
-8
-8
-8
-8
-8
-8
-8
-8
-8
-8
-8
-8
-8
-8
-8
-8
-8
-8
-8
-8
-8
-8
-8
-8
-8
-8
-8
-8
-8
-8
-8
-8
-8
-8
-8
-8
-8
-8
-8
-8
-8
-8
-8
-8
-8
-8
-8
-8
-8
-8
-8
-8
-8
-8
-8
-8
-8
-8
-8
-8
-8
-8
-7
-7
-7
-7
-7
-7
-7
-7
-7
-7
-7
-7
-7
-7
-7
-7
-7
-7
-7
-7
-7
-7
-7
-7
-7
-7
-7
-7
-7
-7
-7
-7
-7
-7
-7
-7
-7
-7
-7
-7
-7
-7
-7
-7
-7
-7
-7
-7
-7
-7
-7
-2
2
7
11
15
20
24
29
33
35
35
36
41
45
45
46
46
46
46
46
46
47
51
56
60
65
69
69
69
69
69
69
69
69
69
70
67
69
61
61
56
49
40
36
38
42
46
47
47
43
38
36
37
42
46
47
47
44
40
37
38
34
30
28
32
36
31
28
21
19
13
10
6
-2
-2
-9
-2
-3
-5
-4
-1
-4
-4
-7
-4
-5
-5
-6
-6
-4
-4
5
1
-6
-6
-7
-12
-8
-2
-9
-4
-5
-6
-5
-6
-4
-7
-4
-1
-4
-3
-5
-5
-4
-6
-4
-5
-5
-7
-6
-1
0
5
-2
-5
-4
-1
-6
0
-6
-5
-2
-7
-4
-7
-4
-3
-4
-6
-5
0
-4
-4
-2
-5
-5
-4
-5
-4
-4
-3
-1
-3
-4
-3
-4
-2
-4
-3
-3
-4
-3
0
-4
-1
-3
1
6
7
8
8
7
8
8
8
7
8
8
6
7
7
8
7
7
5
1
-3
-3
-3
-3
-3
-3
-3
-3
-3
-3
-3
-3
-3
-3
-3
-3
-3
-3
-3
-3
-3
-3
-3
-3
-3
-3
-3
-3
-3
-3
-2
-2
-2
-2
-2
-2
-2
-2
-2
-2
-2
-2
-2
-2
-2
-2
-2
-2
-2
-2
-2
-2
-2
-2
-2
-2
-2
-2
-2
-2
-2
-2
-2
-2
-2
-2
-2
-2
-2
-2
-2
-2
-2
-2
-2
-2
-2
-2
-2
-2
-2
-2
-2
-2
-2
-2
-2
-2
-2
-2
-2
-2
-2
-2
-2
-2
-2
-2
-1
-1
-1
-1
-1
-1
-1
-1
-1
-1
-1
-1
-1
-1
-1
-1
-1
-1
-1
-1
-1
-1
-1
-1
-1
-1
-1
-1
-2
-7
-11
-12
-12
-12
-12
-12
-12
-12
-12
-12
-11
-11
-11
-11
-11
-11
-11
-11
-11
-11
-11
-11
-11
-11
-11
-11
-11
-11
-11
-11
-11
-11
-11
-11
-11
-11
-11
-11
-11
-11
-11
-11
-7
-2
0
0
0
0
0
0
0
0
0
4
9
13
17
19
19
19
19
20
24
29
33
38
38
33
29
33
38
39
37
33
28
28
28
28
28
28
28
28
28
29
33
37
34
30
33
33
24
24
17
16
7
7
0
-1
-6
3
-4
-4
-3
4
4
1
-2
4
-5
-8
-9
-5
4
4
0
-3
-8
-9
-4
-2
-2
0
-6
-10
-3
6
0
-4
5
-3
1
-2
1
-1
1
-2
-7
-1
1
-4
3
-3
-8
-6
-6
-1
1
0
1
-1
1
0
1
0
-1
2
-1
0
-1
0
-1
-1
0
1
-1
0
1
0
-1
0
1
0
0
0
0
0
0
0
0
0
0
1
1
1
0
0
1
1
1
1
1
0
1
1
1
1
2
1
1
1
0
1
0
2
0
0
0
-9
-9
-5
-1
3
3
3
3
3
3
3
3
3
3
3
3
3
3
3
3
3
3
3
3
3
3
3
3
3
3
3
3
3
3
3
3
3
3
3
3
3
3
3
3
3
3
3
3
3
3
3
3
4
4
4
4
4
4
4
4
4
4
4
4
4
4
4
4
4
4
4
4
4
4
4
4
4
4
4
4
4
4
4
4
4
4
4
4
4
4
4
4
4
4
4
4
4
4
4
4
4
9
13
15
15
15
15
15
15
15
15
15
15
15
15
15
15
15
15
15
15
15
15
15
15
15
15
15
15
15
15
15
15
15
15
15
15
15
15
15
15
15
15
15
15
15
15
15
16
16
16
16
16
16
16
16
16
16
16
16
16
16
16
16
16
16
16
16
16
16
16
20
25
29
31
31
31
31
31
31
31
31
31
31
31
31
31
31
31
31
31
31
31
31
31
31
31
31
36
40
44
49
49
49
49
49
49
49
49
46
41
34
30
28
28
28
28
24
19
15
11
6
4
7
7
5
5
10
2
-1
4
13
15
9
0
-6
-6
-6
-2
4
5
5
5
4
5
6
4
3
3
6
4
8
2
8
-1
7
2
4
3
-4
4
8
3
7
3
3
4
4
4
6
5
5
13
8
-1
5
5
5
5
5
6
5
6
5
6
5
5
5
6
5
5
5
5
5
5
5
5
5
6
5
6
3
7
2
6
7
3
8
3
6
9
2
6
6
2
6
2
5
2
4
5
2
5
2
5
5
4
3
5
4
3
3
4
0
-3
-3
1
6
1
-3
-6
-6
-6
-6
-5
-6
-6
-5
-6
-6
-6
-6
-2
-2
-5
-1
-5
-2
2
6
6
6
6
6
6
6
6
6
6
6
6
6
6
7
7
7
7
7
7
7
7
7
7
7
7
7
7
7
7
7
7
7
7
7
7
7
7
7
7
7
7
7
7
7
7
7
7
7
7
7
7
7
7
7
7
7
7
7
7
7
7
7
7
7
7
7
7
7
7
7
7
7
7
7
7
7
7
7
7
7
7
7
8
8
8
8
8
8
8
8
8
8
8
8
8
8
8
8
8
8
8
8
8
8
8
8
8
8
8
8
8
8
8
8
8
8
8
8
8
4
-1
-3
-3
-3
-2
-2
-2
-2
-2
-2
-2
-2
-2
-2
-2
-2
-2
-2
-2
-2
-2
-2
-2
-2
-2
-2
-2
-2
-6
-11
-15
-20
-24
-28
-33
-37
-42
-46
-50
-52
-52
-52
-52
-52
-56
-61
-63
-63
-63
-63
-63
-63
-63
-63
-63
-63
-63
-63
-63
-63
-63
-63
-63
-63
-66
-64
-59
-55
-55
-59
-64
-66
-62
-61
-55
-53
-44
-44
-38
-29
-24
-24
-24
-24
-24
-24
-24
-29
-33
-35
-31
-26
-24
-28
-32
-36
-27
-27
-20
-18
-9
-9
-2
0
8
9
10
16
11
9
12
9
10
16
19
20
19
10
1
0
0
0
2
6
11
9
11
9
11
9
11
9
11
9
12
8
12
7
10
10
10
10
10
8
11
12
5
9
10
11
7
10
10
10
9
12
9
12
9
12
9
12
9
12
8
11
10
11
9
11
7
11
6
11
7
10
7
10
6
10
6
10
9
8
9
7
8
7
9
6
8
1
0
-1
-3
-5
-9
-14
-14
-14
-14
-14
-14
-14
-14
-13
-15
-14
-12
-12
-13
-12
-12
-12
-12
-12
-12
-12
-12
-11
-11
-11
-12
-11
-11
-10
-10
-11
-10
-11
-13
-13
-17
-21
-23
-19
-14
-12
-12
-12
-12
-12
-12
-12
-12
-12
-12
-12
-12
-12
-12
-12
-12
-12
-12
-12
-12
-12
-12
-12
-12
-12
-12
-12
-12
-12
-12
-12
-12
-12
-12
-12
-12
-12
-12
-12
-12
-12
-12
-12
-12
-12
-12
-12
-12
-12
-12
-12
-11
-11
-11
-11
-11
-11
-11
-11
-11
-11
-11
-11
-11
-11
-11
-11
-11
-11
-11
-11
-11
-11
-11
-11
-11
-11
-11
-11
-11
-11
-11
-11
-11
-11
-11
-11
-11
-11
-11
-11
-11
-11
-11
-11
-11
-11
-11
-11
-11
-11
-11
-11
-11
-11
-11
-11
-11
-11
-11
-11
-15
-19
-24
-28
-32
-37
-41
-46
-50
-54
-56
-56
-56
-56
-56
-56
-56
-56
-56
-56
-56
-56
-56
-56
-56
-56
-56
-56
-56
-56
-56
-56
-56
-56
-56
-56
-56
-56
-60
-60
-56
-51
-50
-50
-54
-59
-61
-57
-61
-59
-61
-57
-61
-59
-55
-51
-51
-51
-51
-51
-51
-54
-59
-61
-57
-52
-47
-43
-39
-39
-39
-39
-41
-46
-50
-48
-50
-46
-50
-48
-46
-37
-37
-31
-22
-16
-19
-24
-26
-22
-18
-17
-21
-26
-24
-20
-15
-18
-22
-27
-27
-26
-25
-26
-20
-17
-13
-6
-5
-1
8
9
13
17
13
17
14
16
13
17
14
14
18
15
11
11
4
8
10
16
14
14
16
16
18
11
11
11
18
12
12
5
11
13
19
14
16
14
17
14
16
15
10
14
14
14
14
14
14
14
14
10
13
13
14
12
15
10
14
12
14
10
13
11
15
9
14
11
10
6
0
3
-1
3
3
0
3
